2026-07-11 04:04:29 [error]: jwt malformed {"name":"JsonWebTokenError"} JsonWebTokenError: jwt malformed
    at module.exports [as verify] (C:\SabawyanShop\backend\node_modules\jsonwebtoken\verify.js:70:17)
    at authenticate (file:///C:/SabawyanShop/backend/src/middleware/auth.js:18:25)
    at Layer.handleRequest (C:\SabawyanShop\backend\node_modules\router\lib\layer.js:152:17)
    at trimPrefix (C:\SabawyanShop\backend\node_modules\router\index.js:342:13)
    at C:\SabawyanShop\backend\node_modules\router\index.js:297:9
    at processParams (C:\SabawyanShop\backend\node_modules\router\index.js:582:12)
    at next (C:\SabawyanShop\backend\node_modules\router\index.js:291:5)
    at Function.handle (C:\SabawyanShop\backend\node_modules\router\index.js:186:3)
    at router (C:\SabawyanShop\backend\node_modules\router\index.js:60:12)
    at Layer.handleRequest (C:\SabawyanShop\backend\node_modules\router\lib\layer.js:152:17)
2026-07-11 04:07:11 [error]: Registration error: next is not a function  TypeError: next is not a function
    at model.<anonymous> (file:///C:/SabawyanShop/backend/src/models/User.js:173:5)
    at async Kareem.execPre (C:\SabawyanShop\backend\node_modules\kareem\index.js:61:24)
    at async model.$__save (C:\SabawyanShop\backend\node_modules\mongoose\lib\model.js:403:5)
    at async maybeTracedSave (C:\SabawyanShop\backend\node_modules\mongoose\lib\model.js:675:7)
    at async Function.create (C:\SabawyanShop\backend\node_modules\mongoose\lib\model.js:2763:5)
    at async Module.register (file:///C:/SabawyanShop/backend/src/services/auth.service.js:47:18)
    at async register (file:///C:/SabawyanShop/backend/src/controllers/auth.controller.js:17:20)
2026-07-11 04:07:11 [error]: Register controller error: next is not a function  TypeError: next is not a function
    at model.<anonymous> (file:///C:/SabawyanShop/backend/src/models/User.js:173:5)
    at async Kareem.execPre (C:\SabawyanShop\backend\node_modules\kareem\index.js:61:24)
    at async model.$__save (C:\SabawyanShop\backend\node_modules\mongoose\lib\model.js:403:5)
    at async maybeTracedSave (C:\SabawyanShop\backend\node_modules\mongoose\lib\model.js:675:7)
    at async Function.create (C:\SabawyanShop\backend\node_modules\mongoose\lib\model.js:2763:5)
    at async Module.register (file:///C:/SabawyanShop/backend/src/services/auth.service.js:47:18)
    at async register (file:///C:/SabawyanShop/backend/src/controllers/auth.controller.js:17:20)
2026-07-11 04:07:11 [error]: next is not a function {"path":"/api/v1/auth/register","method":"POST","ip":"::1"} TypeError: next is not a function
    at model.<anonymous> (file:///C:/SabawyanShop/backend/src/models/User.js:173:5)
    at async Kareem.execPre (C:\SabawyanShop\backend\node_modules\kareem\index.js:61:24)
    at async model.$__save (C:\SabawyanShop\backend\node_modules\mongoose\lib\model.js:403:5)
    at async maybeTracedSave (C:\SabawyanShop\backend\node_modules\mongoose\lib\model.js:675:7)
    at async Function.create (C:\SabawyanShop\backend\node_modules\mongoose\lib\model.js:2763:5)
    at async Module.register (file:///C:/SabawyanShop/backend/src/services/auth.service.js:47:18)
    at async register (file:///C:/SabawyanShop/backend/src/controllers/auth.controller.js:17:20)
